<?xml version="1.0" encoding="UTF-8"?>
<!-- Generated by org.testng.reporters.JUnitXMLReporter -->
<testsuite ignored="0" hostname="LAPTOP-HJ41S9EJ" failures="1" tests="1" name="Default test" time="41.402" errors="0" timestamp="2023-07-04T10:48:48 BST">
  <testcase classname="io.cucumber.testng.AbstractTestNGCucumberTests" name="runScenario" time="39.335">
    <failure type="io.cucumber.java.PendingException" message="TODO: implement me">
      <![CDATA[io.cucumber.java.PendingException: TODO: implement me
at stepDefinitions.InsuTruck.user_select_choise_of_price_option_and_clicks_on_view_quote_button(InsuTruck.java:131)
at ✽.user select choise of price option and clicks on view quote button(file:///C:/Users/chenna/eclipse-workspace/InsuranceTricentris/./src/test/java/features/InsuTruck.feature:9)
]]>
    </failure>
  </testcase> <!-- runScenario -->
</testsuite> <!-- Default test -->
