<?xml version="1.0" encoding="UTF-8"?>
<testng-results ignored="0" total="1" passed="0" failed="1" skipped="0">
  <reporter-output>
  </reporter-output>
  <suite started-at="2023-07-04T10:48:06 BST" name="Default suite" finished-at="2023-07-04T10:48:48 BST" duration-ms="41402">
    <groups>
      <group name="cucumber">
        <method signature="AbstractTestNGCucumberTests.runScenario(io.cucumber.testng.PickleWrapper, io.cucumber.testng.FeatureWrapper)[pri:0, instance:com.cucumber.runner.CcumberRunner@4a7f959b]" name="runScenario" class="io.cucumber.testng.AbstractTestNGCucumberTests"/>
      </group> <!-- cucumber -->
    </groups>
    <test started-at="2023-07-04T10:48:06 BST" name="Default test" finished-at="2023-07-04T10:48:48 BST" duration-ms="41402">
      <class name="com.cucumber.runner.CcumberRunner">
        <test-method is-config="true" signature="setUpClass()[pri:0, instance:com.cucumber.runner.CcumberRunner@4a7f959b]" started-at="2023-07-04T10:48:06 BST" name="setUpClass" finished-at="2023-07-04T10:48:07 BST" duration-ms="1285" status="PASS">
          <reporter-output>
          </reporter-output>
        </test-method> <!-- setUpClass -->
        <test-method signature="runScenario(io.cucumber.testng.PickleWrapper, io.cucumber.testng.FeatureWrapper)[pri:0, instance:com.cucumber.runner.CcumberRunner@4a7f959b]" started-at="2023-07-04T10:48:07 BST" name="runScenario" description="Runs Cucumber Scenarios" data-provider="scenarios" finished-at="2023-07-04T10:48:47 BST" duration-ms="39335" status="FAIL">
          <params>
            <param index="0">
              <value>
                <![CDATA["Verify user can buy a insurance for truck"]]>
              </value>
            </param>
            <param index="1">
              <value>
                <![CDATA["Optional[Truck Insuarance]"]]>
              </value>
            </param>
          </params>
          <exception class="io.cucumber.java.PendingException">
            <message>
              <![CDATA[TODO: implement me]]>
            </message>
            <full-stacktrace>
              <![CDATA[io.cucumber.java.PendingException: TODO: implement me
at stepDefinitions.InsuTruck.user_select_choise_of_price_option_and_clicks_on_view_quote_button(InsuTruck.java:131)
at ✽.user select choise of price option and clicks on view quote button(file:///C:/Users/chenna/eclipse-workspace/InsuranceTricentris/./src/test/java/features/InsuTruck.feature:9)
]]>
            </full-stacktrace>
          </exception> <!-- io.cucumber.java.PendingException -->
          <reporter-output>
          </reporter-output>
        </test-method> <!-- runScenario -->
        <test-method is-config="true" signature="tearDownClass()[pri:0, instance:com.cucumber.runner.CcumberRunner@4a7f959b]" started-at="2023-07-04T10:48:47 BST" name="tearDownClass" finished-at="2023-07-04T10:48:48 BST" duration-ms="727" status="PASS">
          <reporter-output>
          </reporter-output>
        </test-method> <!-- tearDownClass -->
      </class> <!-- com.cucumber.runner.CcumberRunner -->
    </test> <!-- Default test -->
  </suite> <!-- Default suite -->
</testng-results>
