<?xml version="1.0" encoding="UTF-8"?>
<!-- Generated by org.testng.reporters.JUnitReportReporter -->
<testsuite hostname="LAPTOP-HJ41S9EJ" failures="0" tests="1" name="com.cucumber.runner.CcumberRunner" time="39.335" errors="1" timestamp="2023-07-04T10:48:48 BST" skipped="0">
  <testcase classname="com.cucumber.runner.CcumberRunner" name="runScenario" time="39.335">
    <error message="TODO: implement me" type="io.cucumber.java.PendingException">
      <![CDATA[io.cucumber.java.PendingException: TODO: implement me
at stepDefinitions.InsuTruck.user_select_choise_of_price_option_and_clicks_on_view_quote_button(InsuTruck.java:131)
at ✽.user select choise of price option and clicks on view quote button(file:///C:/Users/chenna/eclipse-workspace/InsuranceTricentris/./src/test/java/features/InsuTruck.feature:9)
]]>
    </error>
  </testcase> <!-- runScenario -->
  <system-out/>
</testsuite> <!-- com.cucumber.runner.CcumberRunner -->
